<?xml version="1.0" encoding="UTF-8"?>
<testsuite xmlns:xsi="http://www.w3.org/2001/XMLSchema-instance" xsi:noNamespaceSchemaLocation="https://maven.apache.org/surefire/maven-surefire-plugin/xsd/surefire-test-report-3.0.xsd" version="3.0" name="br.com.fiap.EnergyMonitor.EnergyMonitorApplicationTests" time="30.921" tests="1" errors="0" skipped="0" failures="0">
  <properties>
[...]
</properties>
  <testcase name="contextLoads" classname="br.com.fiap.EnergyMonitor.EnergyMonitorApplicationTests" time="0.322">
    <system-out><![CDATA[20:44:19.944 [main] INFO org.springframework.test.context.support.AnnotationConfigContextLoaderUtils -- Could not detect default configuration classes for test class [br.com.fiap.EnergyMonitor.EnergyMonitorApplicationTests]: EnergyMonitorApplicationTests does not declare any static, non-private, non-final, nested classes annotated with @Configuration.
20:44:20.063 [main] INFO org.springframework.boot.test.context.SpringBootTestContextBootstrapper -- Found @SpringBootConfiguration br.com.fiap.EnergyMonitor.EnergyMonitorApplication for test class br.com.fiap.EnergyMonitor.EnergyMonitorApplicationTests

  .   ____          _            __ _ _
 /\\ / ___'_ __ _ _(_)_ __  __ _ \ \ \ \
( ( )\___ | '_ | '_| | '_ \/ _` | \ \ \ \
 \\/  ___)| |_)| | | | | || (_| |  ) ) ) )
  '  |____| .__|_| |_|_| |_\__, | / / / /
 =========|_|==============|___/=/_/_/_/

 :: Spring Boot ::               (v3.3.11)

2025-05-13T20:44:20.505-03:00  INFO 7872 --- [EnergyMonitor] [           main] b.c.f.E.EnergyMonitorApplicationTests    : Starting EnergyMonitorApplicationTests using Java 24.0.1 with PID 7872 (started by barba in C:\Users\barba\OneDrive\Documents\GitHub\energy-monitor)
2025-05-13T20:44:20.508-03:00  INFO 7872 --- [EnergyMonitor] [           main] b.c.f.E.EnergyMonitorApplicationTests    : No active profile set, falling back to 1 default profile: "default"
2025-05-13T20:44:21.448-03:00  INFO 7872 --- [EnergyMonitor] [           main] .s.d.r.c.RepositoryConfigurationDelegate : Bootstrapping Spring Data JPA repositories in DEFAULT mode.
2025-05-13T20:44:21.540-03:00  INFO 7872 --- [EnergyMonitor] [           main] .s.d.r.c.RepositoryConfigurationDelegate : Finished Spring Data repository scanning in 80 ms. Found 4 JPA repository interfaces.
2025-05-13T20:44:22.403-03:00  INFO 7872 --- [EnergyMonitor] [           main] com.zaxxer.hikari.HikariDataSource       : HikariPool-1 - Starting...
2025-05-13T20:44:24.303-03:00  INFO 7872 --- [EnergyMonitor] [           main] com.zaxxer.hikari.pool.HikariPool        : HikariPool-1 - Added connection oracle.jdbc.driver.T4CConnection@370c9018
2025-05-13T20:44:24.304-03:00  INFO 7872 --- [EnergyMonitor] [           main] com.zaxxer.hikari.HikariDataSource       : HikariPool-1 - Start completed.
2025-05-13T20:44:24.314-03:00  INFO 7872 --- [EnergyMonitor] [           main] org.flywaydb.core.FlywayExecutor         : Database: jdbc:oracle:thin:@oracle.fiap.com.br:1521:ORCL (Oracle 19.0)
2025-05-13T20:44:24.744-03:00  INFO 7872 --- [EnergyMonitor] [           main] o.f.core.internal.command.DbValidate     : Successfully validated 4 migrations (execution time 00:00.104s)
2025-05-13T20:44:25.535-03:00  INFO 7872 --- [EnergyMonitor] [           main] o.f.core.internal.command.DbMigrate      : Current version of schema "RM556345": 4
2025-05-13T20:44:25.535-03:00  WARN 7872 --- [EnergyMonitor] [           main] o.f.core.internal.command.DbMigrate      : Schema "RM556345" has a version (4) that is newer than the latest available migration (1) !
2025-05-13T20:44:25.569-03:00  INFO 7872 --- [EnergyMonitor] [           main] o.f.core.internal.command.DbMigrate      : Schema "RM556345" is up to date. No migration necessary.
2025-05-13T20:44:25.779-03:00  INFO 7872 --- [EnergyMonitor] [           main] o.hibernate.jpa.internal.util.LogHelper  : HHH000204: Processing PersistenceUnitInfo [name: default]
2025-05-13T20:44:25.865-03:00  INFO 7872 --- [EnergyMonitor] [           main] org.hibernate.Version                    : HHH000412: Hibernate ORM core version 6.5.3.Final
2025-05-13T20:44:25.898-03:00  INFO 7872 --- [EnergyMonitor] [           main] o.h.c.internal.RegionFactoryInitiator    : HHH000026: Second-level cache disabled
2025-05-13T20:44:26.159-03:00  INFO 7872 --- [EnergyMonitor] [           main] o.s.o.j.p.SpringPersistenceUnitInfo      : No LoadTimeWeaver setup: ignoring JPA class transformer
2025-05-13T20:44:27.350-03:00  INFO 7872 --- [EnergyMonitor] [           main] o.h.e.t.j.p.i.JtaPlatformInitiator       : HHH000489: No JTA platform available (set 'hibernate.transaction.jta.platform' to enable JTA platform integration)
2025-05-13T20:44:49.160-03:00  INFO 7872 --- [EnergyMonitor] [           main] j.LocalContainerEntityManagerFactoryBean : Initialized JPA EntityManagerFactory for persistence unit 'default'
2025-05-13T20:44:49.450-03:00  INFO 7872 --- [EnergyMonitor] [           main] tionInformation$PropertyDescriptorSource : Couldn't read class metadata for interface java.io.Serializable. Input property calculation might fail
2025-05-13T20:44:49.556-03:00  INFO 7872 --- [EnergyMonitor] [           main] r$InitializeUserDetailsManagerConfigurer : Global AuthenticationManager configured with UserDetailsService bean with name authorizationService
2025-05-13T20:44:49.654-03:00  WARN 7872 --- [EnergyMonitor] [           main] JpaBaseConfiguration$JpaWebConfiguration : spring.jpa.open-in-view is enabled by default. Therefore, database queries may be performed during view rendering. Explicitly configure spring.jpa.open-in-view to disable this warning
2025-05-13T20:44:50.380-03:00  INFO 7872 --- [EnergyMonitor] [           main] b.c.f.E.EnergyMonitorApplicationTests    : Started EnergyMonitorApplicationTests in 30.17 seconds (process running for 31.107)
]]></system-out>
    <system-err><![CDATA[WARNING: A Java agent has been loaded dynamically (C:\Users\barba\.m2\repository\net\bytebuddy\byte-buddy-agent\1.14.19\byte-buddy-agent-1.14.19.jar)
WARNING: If a serviceability tool is in use, please run with -XX:+EnableDynamicAgentLoading to hide this warning
WARNING: If a serviceability tool is not in use, please run with -Djdk.instrument.traceUsage for more information
WARNING: Dynamic loading of agents will be disallowed by default in a future release
]]></system-err>
  </testcase>
</testsuite>